ERROR 2025-12-29 06:24:05,636 Invalid HTTP_HOST header: 'www.roblox.com:443'. You may need to add 'www.roblox.com' to ALLOWED_HOSTS.
Traceback (most recent call last):
  File "/root/Multiback/django_backend/venv/lib/python3.12/site-packages/asgiref/sync.py", line 555, in thread_handler
    raise exc_info[1]
  File "/root/Multiback/django_backend/venv/lib/python3.12/site-packages/django/core/handlers/exception.py", line 42, in inner
    response = await get_response(request)
               ^^^^^^^^^^^^^^^^^^^^^^^^^^^
  File "/root/Multiback/django_backend/venv/lib/python3.12/site-packages/django/utils/deprecation.py", line 321, in __acall__
    response = await sync_to_async(
               ^^^^^^^^^^^^^^^^^^^^
  File "/root/Multiback/django_backend/venv/lib/python3.12/site-packages/asgiref/sync.py", line 504, in __call__
    ret = await asyncio.shield(exec_coro)
          ^^^^^^^^^^^^^^^^^^^^^^^^^^^^^^^
  File "/usr/lib/python3.12/concurrent/futures/thread.py", line 58, in run
    result = self.fn(*self.args, **self.kwargs)
             ^^^^^^^^^^^^^^^^^^^^^^^^^^^^^^^^^^
  File "/root/Multiback/django_backend/venv/lib/python3.12/site-packages/asgiref/sync.py", line 559, in thread_handler
    return func(*args, **kwargs)
           ^^^^^^^^^^^^^^^^^^^^^
  File "/root/Multiback/django_backend/graveyard/security_middleware.py", line 53, in process_request
    if host and host not in request.get_host():
                            ^^^^^^^^^^^^^^^^^^
  File "/root/Multiback/django_backend/venv/lib/python3.12/site-packages/django/http/request.py", line 205, in get_host
    raise DisallowedHost(msg)
django.core.exceptions.DisallowedHost: Invalid HTTP_HOST header: 'www.roblox.com:443'. You may need to add 'www.roblox.com' to ALLOWED_HOSTS.
ERROR 2025-12-29 06:40:44,245 Invalid HTTP_HOST header: 'api.ipify.org'. You may need to add 'api.ipify.org' to ALLOWED_HOSTS.
Traceback (most recent call last):
  File "/root/Multiback/django_backend/venv/lib/python3.12/site-packages/asgiref/sync.py", line 555, in thread_handler
    raise exc_info[1]
  File "/root/Multiback/django_backend/venv/lib/python3.12/site-packages/django/core/handlers/exception.py", line 42, in inner
    response = await get_response(request)
               ^^^^^^^^^^^^^^^^^^^^^^^^^^^
  File "/root/Multiback/django_backend/venv/lib/python3.12/site-packages/django/utils/deprecation.py", line 321, in __acall__
    response = await sync_to_async(
               ^^^^^^^^^^^^^^^^^^^^
  File "/root/Multiback/django_backend/venv/lib/python3.12/site-packages/asgiref/sync.py", line 504, in __call__
    ret = await asyncio.shield(exec_coro)
          ^^^^^^^^^^^^^^^^^^^^^^^^^^^^^^^
  File "/usr/lib/python3.12/concurrent/futures/thread.py", line 58, in run
    result = self.fn(*self.args, **self.kwargs)
             ^^^^^^^^^^^^^^^^^^^^^^^^^^^^^^^^^^
  File "/root/Multiback/django_backend/venv/lib/python3.12/site-packages/asgiref/sync.py", line 559, in thread_handler
    return func(*args, **kwargs)
           ^^^^^^^^^^^^^^^^^^^^^
  File "/root/Multiback/django_backend/graveyard/security_middleware.py", line 53, in process_request
    if host and host not in request.get_host():
                            ^^^^^^^^^^^^^^^^^^
  File "/root/Multiback/django_backend/venv/lib/python3.12/site-packages/django/http/request.py", line 205, in get_host
    raise DisallowedHost(msg)
django.core.exceptions.DisallowedHost: Invalid HTTP_HOST header: 'api.ipify.org'. You may need to add 'api.ipify.org' to ALLOWED_HOSTS.
ERROR 2025-12-29 06:40:47,411 Invalid HTTP_HOST header: 'www.shadowserver.org'. You may need to add 'www.shadowserver.org' to ALLOWED_HOSTS.
Traceback (most recent call last):
  File "/root/Multiback/django_backend/venv/lib/python3.12/site-packages/asgiref/sync.py", line 555, in thread_handler
    raise exc_info[1]
  File "/root/Multiback/django_backend/venv/lib/python3.12/site-packages/django/core/handlers/exception.py", line 42, in inner
    response = await get_response(request)
               ^^^^^^^^^^^^^^^^^^^^^^^^^^^
  File "/root/Multiback/django_backend/venv/lib/python3.12/site-packages/django/utils/deprecation.py", line 321, in __acall__
    response = await sync_to_async(
               ^^^^^^^^^^^^^^^^^^^^
  File "/root/Multiback/django_backend/venv/lib/python3.12/site-packages/asgiref/sync.py", line 504, in __call__
    ret = await asyncio.shield(exec_coro)
          ^^^^^^^^^^^^^^^^^^^^^^^^^^^^^^^
  File "/usr/lib/python3.12/concurrent/futures/thread.py", line 58, in run
    result = self.fn(*self.args, **self.kwargs)
             ^^^^^^^^^^^^^^^^^^^^^^^^^^^^^^^^^^
  File "/root/Multiback/django_backend/venv/lib/python3.12/site-packages/asgiref/sync.py", line 559, in thread_handler
    return func(*args, **kwargs)
           ^^^^^^^^^^^^^^^^^^^^^
  File "/root/Multiback/django_backend/graveyard/security_middleware.py", line 53, in process_request
    if host and host not in request.get_host():
                            ^^^^^^^^^^^^^^^^^^
  File "/root/Multiback/django_backend/venv/lib/python3.12/site-packages/django/http/request.py", line 205, in get_host
    raise DisallowedHost(msg)
django.core.exceptions.DisallowedHost: Invalid HTTP_HOST header: 'www.shadowserver.org'. You may need to add 'www.shadowserver.org' to ALLOWED_HOSTS.
